<?xml version="1.0" encoding="UTF-8"?>
<!-- Generated by org.testng.reporters.JUnitReportReporter -->
<testsuite hostname="Inspiron-5559" failures="0" tests="1" name="scripts.tripHobo17Nov" time="43.340" errors="0" timestamp="2024-11-20T22:24:51 IST" skipped="0">
  <testcase classname="scripts.tripHobo17Nov" name="annaActions" time="43.340"/>
</testsuite> <!-- scripts.tripHobo17Nov -->
