<?xml version="1.0" encoding="UTF-8"?>
<!-- Generated by org.testng.reporters.JUnitReportReporter -->
<testsuite hostname="Inspiron-5559" failures="0" tests="1" name="scripts.newTestSetUp" time="19.282" errors="0" timestamp="2024-10-26T13:36:49 IST" skipped="0">
  <testcase classname="scripts.newTestSetUp" name="loginToNicheThyselfTourism" time="19.282"/>
</testsuite> <!-- scripts.newTestSetUp -->
