<?xml version="1.0" encoding="UTF-8"?>
<!-- Generated by org.testng.reporters.JUnitReportReporter -->
<testsuite hostname="Inspiron-5559" failures="0" tests="1" name="pageFactory23Nov.testOrangeHRMLogin" time="19.358" errors="0" timestamp="2024-11-29T23:07:01 IST" skipped="0">
  <testcase classname="pageFactory23Nov.testOrangeHRMLogin" name="loginToOrangeHRM" time="19.358"/>
</testsuite> <!-- pageFactory23Nov.testOrangeHRMLogin -->
