<?xml version="1.0" encoding="UTF-8"?>
<!-- Generated by org.testng.reporters.JUnitReportReporter -->
<testsuite hostname="Inspiron-5559" failures="0" tests="1" name="scripts.AlertsPopups10Oct" time="14.262" errors="0" timestamp="2024-11-16T01:11:51 IST" skipped="0">
  <testcase classname="scripts.AlertsPopups10Oct" name="multiWindows" time="14.262"/>
</testsuite> <!-- scripts.AlertsPopups10Oct -->
