<?xml version="1.0" encoding="UTF-8"?>
<!-- Generated by org.testng.reporters.JUnitReportReporter -->
<testsuite hostname="Inspiron-5559" failures="0" tests="3" name="scripts.cookiesInSelenium" time="12.009" errors="0" timestamp="2024-11-11T22:20:00 IST" skipped="0">
  <testcase classname="scripts.cookiesInSelenium" name="addCookies" time="4.727"/>
  <testcase classname="scripts.cookiesInSelenium" name="getAllCookies" time="3.773"/>
  <testcase classname="scripts.cookiesInSelenium" name="getNamedCookie" time="3.509"/>
</testsuite> <!-- scripts.cookiesInSelenium -->
