<?xml version="1.0" encoding="UTF-8"?>
<!-- Generated by org.testng.reporters.JUnitReportReporter -->
<testsuite hostname="Inspiron-5559" failures="0" tests="1" name="scripts.draggableDroppable" time="31.952" errors="0" timestamp="2024-11-22T00:40:13 IST" skipped="0">
  <testcase classname="scripts.draggableDroppable" name="tableRowSelect" time="31.952"/>
</testsuite> <!-- scripts.draggableDroppable -->
