<?xml version="1.0" encoding="UTF-8"?>
<!-- Generated by org.testng.reporters.JUnitReportReporter -->
<testsuite hostname="Inspiron-5559" failures="0" tests="1" name="orangeHRM23NovpageFactory.testOrangeHRMLogin" time="19.828" errors="0" timestamp="2024-12-09T23:39:56 IST" skipped="0">
  <testcase classname="orangeHRM23NovpageFactory.testOrangeHRMLogin" name="loginToOrangeHRM" time="19.828"/>
</testsuite> <!-- orangeHRM23NovpageFactory.testOrangeHRMLogin -->
