<?xml version="1.0" encoding="UTF-8"?>
<!-- Generated by org.testng.reporters.JUnitReportReporter -->
<testsuite hostname="Inspiron-5559" failures="0" tests="1" name="scripts.TestYourSetup" time="16.477" errors="0" timestamp="2024-10-07T19:36:46 IST" skipped="0">
  <testcase classname="scripts.TestYourSetup" name="loginToNicheThyselfTourism" time="16.477"/>
</testsuite> <!-- scripts.TestYourSetup -->
