<?xml version="1.0" encoding="UTF-8"?>
<!-- Generated by org.testng.reporters.JUnitReportReporter -->
<testsuite hostname="Inspiron-5559" failures="0" tests="1" name="pageObjectDesignPatternWithPageFactory.testOrangeHRMLogin" time="14.056" errors="0" timestamp="2024-11-17T20:24:42 IST" skipped="0">
  <testcase classname="pageObjectDesignPatternWithPageFactory.testOrangeHRMLogin" name="loginToOrangeHRM" time="14.056"/>
</testsuite> <!-- pageObjectDesignPatternWithPageFactory.testOrangeHRMLogin -->
