<?xml version="1.0" encoding="UTF-8"?>
<!-- Generated by org.testng.reporters.JUnitReportReporter -->
<testsuite hostname="Inspiron-5559" failures="0" tests="1" name="scripts.orangeHRMPage" time="12.655" errors="0" timestamp="2024-11-13T22:18:03 IST" skipped="0">
  <testcase classname="scripts.orangeHRMPage" name="wikiPediaAssgnment" time="12.655"/>
</testsuite> <!-- scripts.orangeHRMPage -->
