<?xml version="1.0" encoding="UTF-8"?>
<!-- Generated by org.testng.reporters.JUnitReportReporter -->
<testsuite hostname="Inspiron-5559" failures="0" tests="5" name="ddt.DDTExampleXLS" time="44.292" errors="0" timestamp="2024-12-04T23:32:08 IST" skipped="0">
  <testcase classname="ddt.DDTExampleXLS" name="testDataFromXls" time="6.107"/>
  <testcase classname="ddt.DDTExampleXLS" name="testDataFromXls" time="5.790"/>
  <testcase classname="ddt.DDTExampleXLS" name="testDataFromXls" time="19.916"/>
  <testcase classname="ddt.DDTExampleXLS" name="testDataFromXls" time="7.827"/>
  <testcase classname="ddt.DDTExampleXLS" name="testDataFromXls" time="4.652"/>
</testsuite> <!-- ddt.DDTExampleXLS -->
