<?xml version="1.0" encoding="UTF-8"?>
<!-- Generated by org.testng.reporters.JUnitReportReporter -->
<testsuite hostname="Inspiron-5559" failures="0" tests="1" name="scripts.AnnaAssignment17Nov" time="41.932" errors="0" timestamp="2024-11-23T12:33:54 IST" skipped="0">
  <testcase classname="scripts.AnnaAssignment17Nov" name="annaActions" time="41.932"/>
</testsuite> <!-- scripts.AnnaAssignment17Nov -->
