<?xml version="1.0" encoding="UTF-8"?>
<!-- Generated by org.testng.reporters.JUnitReportReporter -->
<testsuite hostname="Inspiron-5559" failures="0" tests="1" name="pageObjectDesignPattern.testOrangeHRMLogin" time="15.959" errors="0" timestamp="2024-11-30T00:03:36 IST" skipped="0">
  <testcase classname="pageObjectDesignPattern.testOrangeHRMLogin" name="loginToOrangeHRM" time="15.959"/>
</testsuite> <!-- pageObjectDesignPattern.testOrangeHRMLogin -->
