<?xml version="1.0" encoding="UTF-8"?>
<!-- Generated by org.testng.reporters.JUnitReportReporter -->
<testsuite hostname="Inspiron-5559" failures="0" tests="1" name="pageFactory23Nov.TestSTCTourism" time="33.832" errors="0" timestamp="2024-11-24T00:05:28 IST" skipped="0">
  <testcase classname="pageFactory23Nov.TestSTCTourism" name="loginAndTakeActionInMyAccount1" time="33.832"/>
</testsuite> <!-- pageFactory23Nov.TestSTCTourism -->
